{"C:\\Users\\diego\\Desktop\\curso-react\\Sección 8 - Testing - Pruebas sobre GifsApp\\03-gifs-app\\src\\GifsApp.tsx": {"path":"C:\\Users\\diego\\Desktop\\curso-react\\Sección 8 - Testing - Pruebas sobre GifsApp\\03-gifs-app\\src\\GifsApp.tsx","statementMap":{"0":{"start":{"line":9,"column":23},"end":{"line":33,"column":null}},"1":{"start":{"line":10,"column":64},"end":{"line":10,"column":null}},"2":{"start":{"line":12,"column":2},"end":{"line":30,"column":null}}},"fnMap":{"0":{"name":"(anonymous_0)","decl":{"start":{"line":9,"column":23},"end":{"line":9,"column":null}},"loc":{"start":{"line":9,"column":23},"end":{"line":33,"column":null}},"line":9}},"branchMap":{},"s":{"0":1,"1":1,"2":1},"f":{"0":1},"b":{},"meta":{"lastBranch":0,"lastFunction":1,"lastStatement":3,"seen":{"s:9:23:33:Infinity":0,"f:9:23:9:Infinity":0,"s:10:64:10:Infinity":1,"s:12:2:30:Infinity":2}}}
,"C:\\Users\\diego\\Desktop\\curso-react\\Sección 8 - Testing - Pruebas sobre GifsApp\\03-gifs-app\\src\\counter\\components\\MyCounterApp.tsx": {"path":"C:\\Users\\diego\\Desktop\\curso-react\\Sección 8 - Testing - Pruebas sobre GifsApp\\03-gifs-app\\src\\counter\\components\\MyCounterApp.tsx","statementMap":{"0":{"start":{"line":3,"column":28},"end":{"line":19,"column":null}},"1":{"start":{"line":4,"column":59},"end":{"line":4,"column":null}},"2":{"start":{"line":6,"column":2},"end":{"line":15,"column":null}}},"fnMap":{"0":{"name":"(anonymous_0)","decl":{"start":{"line":3,"column":28},"end":{"line":3,"column":null}},"loc":{"start":{"line":3,"column":28},"end":{"line":19,"column":null}},"line":3}},"branchMap":{},"s":{"0":2,"1":7,"2":7},"f":{"0":7},"b":{},"meta":{"lastBranch":0,"lastFunction":1,"lastStatement":3,"seen":{"s:3:28:19:Infinity":0,"f:3:28:3:Infinity":0,"s:4:59:4:Infinity":1,"s:6:2:15:Infinity":2}}}
,"C:\\Users\\diego\\Desktop\\curso-react\\Sección 8 - Testing - Pruebas sobre GifsApp\\03-gifs-app\\src\\counter\\hooks\\useCounter.tsx": {"path":"C:\\Users\\diego\\Desktop\\curso-react\\Sección 8 - Testing - Pruebas sobre GifsApp\\03-gifs-app\\src\\counter\\hooks\\useCounter.tsx","statementMap":{"0":{"start":{"line":3,"column":26},"end":{"line":31,"column":null}},"1":{"start":{"line":5,"column":29},"end":{"line":5,"column":null}},"2":{"start":{"line":7,"column":20},"end":{"line":9,"column":null}},"3":{"start":{"line":8,"column":4},"end":{"line":8,"column":null}},"4":{"start":{"line":11,"column":25},"end":{"line":13,"column":null}},"5":{"start":{"line":12,"column":4},"end":{"line":12,"column":null}},"6":{"start":{"line":12,"column":30},"end":{"line":12,"column":null}},"7":{"start":{"line":15,"column":22},"end":{"line":17,"column":null}},"8":{"start":{"line":16,"column":4},"end":{"line":16,"column":null}},"9":{"start":{"line":20,"column":2},"end":{"line":30,"column":null}}},"fnMap":{"0":{"name":"(anonymous_0)","decl":{"start":{"line":3,"column":26},"end":{"line":3,"column":27}},"loc":{"start":{"line":3,"column":52},"end":{"line":31,"column":null}},"line":3},"1":{"name":"(anonymous_1)","decl":{"start":{"line":7,"column":20},"end":{"line":7,"column":null}},"loc":{"start":{"line":7,"column":20},"end":{"line":9,"column":null}},"line":7},"2":{"name":"(anonymous_2)","decl":{"start":{"line":11,"column":25},"end":{"line":11,"column":null}},"loc":{"start":{"line":11,"column":25},"end":{"line":13,"column":null}},"line":11},"3":{"name":"(anonymous_3)","decl":{"start":{"line":12,"column":15},"end":{"line":12,"column":16}},"loc":{"start":{"line":12,"column":30},"end":{"line":12,"column":null}},"line":12},"4":{"name":"(anonymous_4)","decl":{"start":{"line":15,"column":22},"end":{"line":15,"column":null}},"loc":{"start":{"line":15,"column":22},"end":{"line":17,"column":null}},"line":15}},"branchMap":{"0":{"loc":{"start":{"line":3,"column":27},"end":{"line":3,"column":52}},"type":"default-arg","locations":[{"start":{"line":3,"column":50},"end":{"line":3,"column":52}}],"line":3}},"s":{"0":2,"1":14,"2":14,"3":2,"4":14,"5":7,"6":7,"7":14,"8":1,"9":14},"f":{"0":14,"1":2,"2":7,"3":7,"4":1},"b":{"0":[14]},"meta":{"lastBranch":1,"lastFunction":5,"lastStatement":10,"seen":{"s:3:26:31:Infinity":0,"f:3:26:3:27":0,"b:3:50:3:52":0,"s:5:29:5:Infinity":1,"s:7:20:9:Infinity":2,"f:7:20:7:Infinity":1,"s:8:4:8:Infinity":3,"s:11:25:13:Infinity":4,"f:11:25:11:Infinity":2,"s:12:4:12:Infinity":5,"f:12:15:12:16":3,"s:12:30:12:Infinity":6,"s:15:22:17:Infinity":7,"f:15:22:15:Infinity":4,"s:16:4:16:Infinity":8,"s:20:2:30:Infinity":9}}}
,"C:\\Users\\diego\\Desktop\\curso-react\\Sección 8 - Testing - Pruebas sobre GifsApp\\03-gifs-app\\src\\gifs\\actions\\get-gifs-by-query.action.ts": {"path":"C:\\Users\\diego\\Desktop\\curso-react\\Sección 8 - Testing - Pruebas sobre GifsApp\\03-gifs-app\\src\\gifs\\actions\\get-gifs-by-query.action.ts","statementMap":{"0":{"start":{"line":6,"column":30},"end":{"line":30,"column":null}},"1":{"start":{"line":7,"column":2},"end":{"line":9,"column":null}},"2":{"start":{"line":8,"column":4},"end":{"line":8,"column":null}},"3":{"start":{"line":11,"column":2},"end":{"line":29,"column":null}},"4":{"start":{"line":12,"column":21},"end":{"line":17,"column":null}},"5":{"start":{"line":19,"column":4},"end":{"line":25,"column":null}},"6":{"start":{"line":19,"column":44},"end":{"line":25,"column":null}},"7":{"start":{"line":27,"column":4},"end":{"line":27,"column":null}},"8":{"start":{"line":28,"column":4},"end":{"line":28,"column":null}}},"fnMap":{"0":{"name":"(anonymous_0)","decl":{"start":{"line":6,"column":30},"end":{"line":6,"column":37}},"loc":{"start":{"line":6,"column":37},"end":{"line":30,"column":null}},"line":6},"1":{"name":"(anonymous_1)","decl":{"start":{"line":19,"column":34},"end":{"line":19,"column":35}},"loc":{"start":{"line":19,"column":44},"end":{"line":25,"column":null}},"line":19}},"branchMap":{"0":{"loc":{"start":{"line":7,"column":2},"end":{"line":9,"column":null}},"type":"if","locations":[{"start":{"line":7,"column":2},"end":{"line":9,"column":null}},{"start":{},"end":{}}],"line":7}},"s":{"0":3,"1":6,"2":1,"3":5,"4":5,"5":4,"6":40,"7":1,"8":1},"f":{"0":6,"1":40},"b":{"0":[1,5]},"meta":{"lastBranch":1,"lastFunction":2,"lastStatement":9,"seen":{"s:6:30:30:Infinity":0,"f:6:30:6:37":0,"b:7:2:9:Infinity:undefined:undefined:undefined:undefined":0,"s:7:2:9:Infinity":1,"s:8:4:8:Infinity":2,"s:11:2:29:Infinity":3,"s:12:21:17:Infinity":4,"s:19:4:25:Infinity":5,"f:19:34:19:35":1,"s:19:44:25:Infinity":6,"s:27:4:27:Infinity":7,"s:28:4:28:Infinity":8}}}
,"C:\\Users\\diego\\Desktop\\curso-react\\Sección 8 - Testing - Pruebas sobre GifsApp\\03-gifs-app\\src\\gifs\\api\\giphy.api.ts": {"path":"C:\\Users\\diego\\Desktop\\curso-react\\Sección 8 - Testing - Pruebas sobre GifsApp\\03-gifs-app\\src\\gifs\\api\\giphy.api.ts","statementMap":{"0":{"start":{"line":3,"column":24},"end":{"line":9,"column":null}}},"fnMap":{},"branchMap":{},"s":{"0":4},"f":{},"b":{},"meta":{"lastBranch":0,"lastFunction":0,"lastStatement":1,"seen":{"s:3:24:9:Infinity":0}}}
,"C:\\Users\\diego\\Desktop\\curso-react\\Sección 8 - Testing - Pruebas sobre GifsApp\\03-gifs-app\\src\\gifs\\components\\GifList.tsx": {"path":"C:\\Users\\diego\\Desktop\\curso-react\\Sección 8 - Testing - Pruebas sobre GifsApp\\03-gifs-app\\src\\gifs\\components\\GifList.tsx","statementMap":{"0":{"start":{"line":9,"column":34},"end":{"line":23,"column":null}},"1":{"start":{"line":10,"column":2},"end":{"line":13,"column":26}},"2":{"start":{"line":12,"column":17},"end":{"line":13,"column":26}}},"fnMap":{"0":{"name":"(anonymous_0)","decl":{"start":{"line":9,"column":34},"end":{"line":9,"column":35}},"loc":{"start":{"line":9,"column":43},"end":{"line":23,"column":null}},"line":9},"1":{"name":"(anonymous_1)","decl":{"start":{"line":12,"column":16},"end":{"line":12,"column":17}},"loc":{"start":{"line":12,"column":17},"end":{"line":13,"column":26}},"line":12}},"branchMap":{},"s":{"0":1,"1":1,"2":0},"f":{"0":1,"1":0},"b":{},"meta":{"lastBranch":0,"lastFunction":2,"lastStatement":3,"seen":{"s:9:34:23:Infinity":0,"f:9:34:9:35":0,"s:10:2:13:26":1,"f:12:16:12:17":1,"s:12:17:13:26":2}}}
,"C:\\Users\\diego\\Desktop\\curso-react\\Sección 8 - Testing - Pruebas sobre GifsApp\\03-gifs-app\\src\\gifs\\components\\PreviousSearches.tsx": {"path":"C:\\Users\\diego\\Desktop\\curso-react\\Sección 8 - Testing - Pruebas sobre GifsApp\\03-gifs-app\\src\\gifs\\components\\PreviousSearches.tsx","statementMap":{"0":{"start":{"line":9,"column":43},"end":{"line":22,"column":null}},"1":{"start":{"line":10,"column":2},"end":{"line":15,"column":25}},"2":{"start":{"line":14,"column":23},"end":{"line":15,"column":25}},"3":{"start":{"line":15,"column":40},"end":{"line":15,"column":null}}},"fnMap":{"0":{"name":"(anonymous_0)","decl":{"start":{"line":9,"column":43},"end":{"line":9,"column":44}},"loc":{"start":{"line":9,"column":72},"end":{"line":22,"column":null}},"line":9},"1":{"name":"(anonymous_1)","decl":{"start":{"line":14,"column":22},"end":{"line":14,"column":23}},"loc":{"start":{"line":14,"column":23},"end":{"line":15,"column":25}},"line":14},"2":{"name":"(anonymous_2)","decl":{"start":{"line":15,"column":34},"end":{"line":15,"column":40}},"loc":{"start":{"line":15,"column":40},"end":{"line":15,"column":null}},"line":15}},"branchMap":{},"s":{"0":1,"1":1,"2":0,"3":0},"f":{"0":1,"1":0,"2":0},"b":{},"meta":{"lastBranch":0,"lastFunction":3,"lastStatement":4,"seen":{"s:9:43:22:Infinity":0,"f:9:43:9:44":0,"s:10:2:15:25":1,"f:14:22:14:23":1,"s:14:23:15:25":2,"f:15:34:15:40":2,"s:15:40:15:Infinity":3}}}
,"C:\\Users\\diego\\Desktop\\curso-react\\Sección 8 - Testing - Pruebas sobre GifsApp\\03-gifs-app\\src\\gifs\\hooks\\useGifs.tsx": {"path":"C:\\Users\\diego\\Desktop\\curso-react\\Sección 8 - Testing - Pruebas sobre GifsApp\\03-gifs-app\\src\\gifs\\hooks\\useGifs.tsx","statementMap":{"0":{"start":{"line":7,"column":23},"end":{"line":49,"column":null}},"1":{"start":{"line":8,"column":23},"end":{"line":8,"column":null}},"2":{"start":{"line":9,"column":41},"end":{"line":9,"column":null}},"3":{"start":{"line":11,"column":8},"end":{"line":11,"column":null}},"4":{"start":{"line":13,"column":28},"end":{"line":22,"column":null}},"5":{"start":{"line":14,"column":4},"end":{"line":17,"column":null}},"6":{"start":{"line":15,"column":6},"end":{"line":15,"column":null}},"7":{"start":{"line":16,"column":6},"end":{"line":16,"column":null}},"8":{"start":{"line":19,"column":17},"end":{"line":19,"column":null}},"9":{"start":{"line":20,"column":4},"end":{"line":20,"column":null}},"10":{"start":{"line":21,"column":4},"end":{"line":21,"column":null}},"11":{"start":{"line":24,"column":23},"end":{"line":38,"column":null}},"12":{"start":{"line":25,"column":4},"end":{"line":25,"column":null}},"13":{"start":{"line":27,"column":4},"end":{"line":27,"column":null}},"14":{"start":{"line":27,"column":28},"end":{"line":27,"column":null}},"15":{"start":{"line":29,"column":4},"end":{"line":29,"column":null}},"16":{"start":{"line":29,"column":39},"end":{"line":29,"column":null}},"17":{"start":{"line":31,"column":4},"end":{"line":31,"column":null}},"18":{"start":{"line":33,"column":17},"end":{"line":33,"column":null}},"19":{"start":{"line":34,"column":4},"end":{"line":34,"column":null}},"20":{"start":{"line":36,"column":4},"end":{"line":36,"column":null}},"21":{"start":{"line":40,"column":2},"end":{"line":48,"column":null}}},"fnMap":{"0":{"name":"(anonymous_0)","decl":{"start":{"line":7,"column":23},"end":{"line":7,"column":null}},"loc":{"start":{"line":7,"column":23},"end":{"line":49,"column":null}},"line":7},"1":{"name":"(anonymous_1)","decl":{"start":{"line":13,"column":28},"end":{"line":13,"column":35}},"loc":{"start":{"line":13,"column":35},"end":{"line":22,"column":null}},"line":13},"2":{"name":"(anonymous_2)","decl":{"start":{"line":24,"column":23},"end":{"line":24,"column":30}},"loc":{"start":{"line":24,"column":48},"end":{"line":38,"column":null}},"line":24}},"branchMap":{"0":{"loc":{"start":{"line":14,"column":4},"end":{"line":17,"column":null}},"type":"if","locations":[{"start":{"line":14,"column":4},"end":{"line":17,"column":null}},{"start":{},"end":{}}],"line":14},"1":{"loc":{"start":{"line":24,"column":30},"end":{"line":24,"column":48}},"type":"default-arg","locations":[{"start":{"line":24,"column":46},"end":{"line":24,"column":48}}],"line":24},"2":{"loc":{"start":{"line":27,"column":4},"end":{"line":27,"column":null}},"type":"if","locations":[{"start":{"line":27,"column":4},"end":{"line":27,"column":null}},{"start":{},"end":{}}],"line":27},"3":{"loc":{"start":{"line":29,"column":4},"end":{"line":29,"column":null}},"type":"if","locations":[{"start":{"line":29,"column":4},"end":{"line":29,"column":null}},{"start":{},"end":{}}],"line":29}},"s":{"0":2,"1":19,"2":19,"3":19,"4":19,"5":3,"6":1,"7":1,"8":2,"9":2,"10":2,"11":19,"12":10,"13":10,"14":0,"15":10,"16":0,"17":10,"18":10,"19":10,"20":10,"21":19},"f":{"0":19,"1":3,"2":10},"b":{"0":[1,2],"1":[10],"2":[0,10],"3":[0,10]},"meta":{"lastBranch":4,"lastFunction":3,"lastStatement":22,"seen":{"s:7:23:49:Infinity":0,"f:7:23:7:Infinity":0,"s:8:23:8:Infinity":1,"s:9:41:9:Infinity":2,"s:11:8:11:Infinity":3,"s:13:28:22:Infinity":4,"f:13:28:13:35":1,"b:14:4:17:Infinity:undefined:undefined:undefined:undefined":0,"s:14:4:17:Infinity":5,"s:15:6:15:Infinity":6,"s:16:6:16:Infinity":7,"s:19:17:19:Infinity":8,"s:20:4:20:Infinity":9,"s:21:4:21:Infinity":10,"s:24:23:38:Infinity":11,"f:24:23:24:30":2,"b:24:46:24:48":1,"s:25:4:25:Infinity":12,"b:27:4:27:Infinity:undefined:undefined:undefined:undefined":2,"s:27:4:27:Infinity":13,"s:27:28:27:Infinity":14,"b:29:4:29:Infinity:undefined:undefined:undefined:undefined":3,"s:29:4:29:Infinity":15,"s:29:39:29:Infinity":16,"s:31:4:31:Infinity":17,"s:33:17:33:Infinity":18,"s:34:4:34:Infinity":19,"s:36:4:36:Infinity":20,"s:40:2:48:Infinity":21}}}
,"C:\\Users\\diego\\Desktop\\curso-react\\Sección 8 - Testing - Pruebas sobre GifsApp\\03-gifs-app\\src\\shared\\components\\CustomHeader.tsx": {"path":"C:\\Users\\diego\\Desktop\\curso-react\\Sección 8 - Testing - Pruebas sobre GifsApp\\03-gifs-app\\src\\shared\\components\\CustomHeader.tsx","statementMap":{"0":{"start":{"line":6,"column":28},"end":{"line":13,"column":null}},"1":{"start":{"line":7,"column":2},"end":{"line":10,"column":null}}},"fnMap":{"0":{"name":"(anonymous_0)","decl":{"start":{"line":6,"column":28},"end":{"line":6,"column":29}},"loc":{"start":{"line":6,"column":58},"end":{"line":13,"column":null}},"line":6}},"branchMap":{"0":{"loc":{"start":{"line":10,"column":7},"end":{"line":10,"column":null}},"type":"binary-expr","locations":[{"start":{"line":10,"column":7},"end":{"line":10,"column":22}},{"start":{"line":10,"column":7},"end":{"line":10,"column":null}}],"line":10}},"s":{"0":2,"1":4},"f":{"0":4},"b":{"0":[4,2]},"meta":{"lastBranch":1,"lastFunction":1,"lastStatement":2,"seen":{"s:6:28:13:Infinity":0,"f:6:28:6:29":0,"s:7:2:10:Infinity":1,"b:10:7:10:22:10:7:10:Infinity":0}}}
,"C:\\Users\\diego\\Desktop\\curso-react\\Sección 8 - Testing - Pruebas sobre GifsApp\\03-gifs-app\\src\\shared\\components\\SearchBar.tsx": {"path":"C:\\Users\\diego\\Desktop\\curso-react\\Sección 8 - Testing - Pruebas sobre GifsApp\\03-gifs-app\\src\\shared\\components\\SearchBar.tsx","statementMap":{"0":{"start":{"line":9,"column":25},"end":{"line":45,"column":null}},"1":{"start":{"line":10,"column":25},"end":{"line":10,"column":null}},"2":{"start":{"line":12,"column":2},"end":{"line":20,"column":null}},"3":{"start":{"line":13,"column":22},"end":{"line":15,"column":null}},"4":{"start":{"line":14,"column":6},"end":{"line":14,"column":null}},"5":{"start":{"line":17,"column":4},"end":{"line":19,"column":null}},"6":{"start":{"line":18,"column":6},"end":{"line":18,"column":null}},"7":{"start":{"line":22,"column":23},"end":{"line":25,"column":null}},"8":{"start":{"line":23,"column":4},"end":{"line":23,"column":null}},"9":{"start":{"line":27,"column":24},"end":{"line":31,"column":null}},"10":{"start":{"line":28,"column":4},"end":{"line":30,"column":null}},"11":{"start":{"line":29,"column":6},"end":{"line":29,"column":null}},"12":{"start":{"line":33,"column":2},"end":{"line":42,"column":null}},"13":{"start":{"line":39,"column":29},"end":{"line":39,"column":null}}},"fnMap":{"0":{"name":"(anonymous_0)","decl":{"start":{"line":9,"column":25},"end":{"line":9,"column":26}},"loc":{"start":{"line":9,"column":68},"end":{"line":45,"column":null}},"line":9},"1":{"name":"(anonymous_1)","decl":{"start":{"line":12,"column":12},"end":{"line":12,"column":null}},"loc":{"start":{"line":12,"column":12},"end":{"line":20,"column":5}},"line":12},"2":{"name":"(anonymous_2)","decl":{"start":{"line":13,"column":33},"end":{"line":13,"column":null}},"loc":{"start":{"line":13,"column":33},"end":{"line":15,"column":7}},"line":13},"3":{"name":"(anonymous_3)","decl":{"start":{"line":17,"column":11},"end":{"line":17,"column":null}},"loc":{"start":{"line":17,"column":11},"end":{"line":19,"column":null}},"line":17},"4":{"name":"(anonymous_4)","decl":{"start":{"line":22,"column":23},"end":{"line":22,"column":null}},"loc":{"start":{"line":22,"column":23},"end":{"line":25,"column":null}},"line":22},"5":{"name":"(anonymous_5)","decl":{"start":{"line":27,"column":24},"end":{"line":27,"column":25}},"loc":{"start":{"line":27,"column":25},"end":{"line":31,"column":null}},"line":27},"6":{"name":"(anonymous_6)","decl":{"start":{"line":39,"column":18},"end":{"line":39,"column":19}},"loc":{"start":{"line":39,"column":29},"end":{"line":39,"column":null}},"line":39}},"branchMap":{"0":{"loc":{"start":{"line":9,"column":28},"end":{"line":9,"column":50}},"type":"default-arg","locations":[{"start":{"line":9,"column":42},"end":{"line":9,"column":50}}],"line":9},"1":{"loc":{"start":{"line":28,"column":4},"end":{"line":30,"column":null}},"type":"if","locations":[{"start":{"line":28,"column":4},"end":{"line":30,"column":null}},{"start":{},"end":{}}],"line":28}},"s":{"0":2,"1":12,"2":12,"3":12,"4":2,"5":12,"6":12,"7":12,"8":1,"9":12,"10":0,"11":0,"12":12,"13":6},"f":{"0":12,"1":12,"2":2,"3":12,"4":1,"5":0,"6":6},"b":{"0":[12],"1":[0,0]},"meta":{"lastBranch":2,"lastFunction":7,"lastStatement":14,"seen":{"s:9:25:45:Infinity":0,"f:9:25:9:26":0,"b:9:42:9:50":0,"s:10:25:10:Infinity":1,"s:12:2:20:Infinity":2,"f:12:12:12:Infinity":1,"s:13:22:15:Infinity":3,"f:13:33:13:Infinity":2,"s:14:6:14:Infinity":4,"s:17:4:19:Infinity":5,"f:17:11:17:Infinity":3,"s:18:6:18:Infinity":6,"s:22:23:25:Infinity":7,"f:22:23:22:Infinity":4,"s:23:4:23:Infinity":8,"s:27:24:31:Infinity":9,"f:27:24:27:25":5,"b:28:4:30:Infinity:undefined:undefined:undefined:undefined":1,"s:28:4:30:Infinity":10,"s:29:6:29:Infinity":11,"s:33:2:42:Infinity":12,"f:39:18:39:19":6,"s:39:29:39:Infinity":13}}}
,"C:\\Users\\diego\\Desktop\\curso-react\\Sección 8 - Testing - Pruebas sobre GifsApp\\03-gifs-app\\tests\\mock\\giphy.response.data.ts": {"path":"C:\\Users\\diego\\Desktop\\curso-react\\Sección 8 - Testing - Pruebas sobre GifsApp\\03-gifs-app\\tests\\mock\\giphy.response.data.ts","statementMap":{"0":{"start":{"line":1,"column":39},"end":{"line":2156,"column":null}}},"fnMap":{},"branchMap":{},"s":{"0":1},"f":{},"b":{},"meta":{"lastBranch":0,"lastFunction":0,"lastStatement":1,"seen":{"s:1:39:2156:Infinity":0}}}
}
